# JRE version: OpenJDK Runtime Environment (11.0.13) (build 11.0.13+0-b1751.21-8125866)
# Java VM: OpenJDK 64-Bit Server VM (11.0.13+0-b1751.21-8125866, mixed mode, tiered, compressed oops, g1 gc, windows-amd64)
Heap:
 garbage-first heap   total 312320K, used 221503K [0x0000000080000000, 0x0000000100000000)
  region size 1024K, 20 young (20480K), 8 survivors (8192K)
 Metaspace       used 121722K, capacity 125317K, committed 125440K, reserved 1159168K
  class space    used 15215K, capacity 16551K, committed 16640K, reserved 1048576K
GC Heap History (20 events):
Event: 21.633 GC heap before
{Heap before GC invocations=40 (full 0):
 garbage-first heap   total 260096K, used 179160K [0x0000000080000000, 0x0000000100000000)
  region size 1024K, 12 young (12288K), 2 survivors (2048K)
 Metaspace       used 107324K, capacity 110212K, committed 110336K, reserved 1144832K
  class space    used 13295K, capacity 14308K, committed 14336K, reserved 1048576K
}
Event: 21.636 GC heap after
{Heap after GC invocations=41 (full 0):
 garbage-first heap   total 260096K, used 159526K [0x0000000080000000, 0x0000000100000000)
  region size 1024K, 2 young (2048K), 2 survivors (2048K)
 Metaspace       used 107324K, capacity 110212K, committed 110336K, reserved 1144832K
  class space    used 13295K, capacity 14308K, committed 14336K, reserved 1048576K
}
Event: 22.207 GC heap before
{Heap before GC invocations=41 (full 0):
 garbage-first heap   total 260096K, used 208678K [0x0000000080000000, 0x0000000100000000)
  region size 1024K, 49 young (50176K), 2 survivors (2048K)
 Metaspace       used 109820K, capacity 112733K, committed 113024K, reserved 1146880K
  class space    used 13595K, capacity 14612K, committed 14720K, reserved 1048576K
}
Event: 22.211 GC heap after
{Heap after GC invocations=42 (full 0):
 garbage-first heap   total 260096K, used 158499K [0x0000000080000000, 0x0000000100000000)
  region size 1024K, 3 young (3072K), 3 survivors (3072K)
 Metaspace       used 109820K, capacity 112733K, committed 113024K, reserved 1146880K
  class space    used 13595K, capacity 14612K, committed 14720K, reserved 1048576K
}
Event: 22.656 GC heap before
{Heap before GC invocations=43 (full 0):
 garbage-first heap   total 260096K, used 208675K [0x0000000080000000, 0x0000000100000000)
  region size 1024K, 53 young (54272K), 3 survivors (3072K)
 Metaspace       used 112478K, capacity 115465K, committed 115584K, reserved 1150976K
  class space    used 13908K, capacity 14942K, committed 14976K, reserved 1048576K
}
Event: 22.662 GC heap after
{Heap after GC invocations=44 (full 0):
 garbage-first heap   total 260096K, used 160339K [0x0000000080000000, 0x0000000100000000)
  region size 1024K, 4 young (4096K), 4 survivors (4096K)
 Metaspace       used 112478K, capacity 115465K, committed 115584K, reserved 1150976K
  class space    used 13908K, capacity 14942K, committed 14976K, reserved 1048576K
}
Event: 23.071 GC heap before
{Heap before GC invocations=44 (full 0):
 garbage-first heap   total 260096K, used 211539K [0x0000000080000000, 0x0000000100000000)
  region size 1024K, 55 young (56320K), 4 survivors (4096K)
 Metaspace       used 113639K, capacity 116682K, committed 116736K, reserved 1150976K
  class space    used 14033K, capacity 15079K, committed 15104K, reserved 1048576K
}
Event: 23.078 GC heap after
{Heap after GC invocations=45 (full 0):
 garbage-first heap   total 260096K, used 163449K [0x0000000080000000, 0x0000000100000000)
  region size 1024K, 6 young (6144K), 6 survivors (6144K)
 Metaspace       used 113639K, capacity 116682K, committed 116736K, reserved 1150976K
  class space    used 14033K, capacity 15079K, committed 15104K, reserved 1048576K
}
Event: 23.620 GC heap before
{Heap before GC invocations=45 (full 0):
 garbage-first heap   total 260096K, used 213625K [0x0000000080000000, 0x0000000100000000)
  region size 1024K, 56 young (57344K), 6 survivors (6144K)
 Metaspace       used 114052K, capacity 117042K, committed 117376K, reserved 1150976K
  class space    used 14082K, capacity 15130K, committed 15232K, reserved 1048576K
}
Event: 23.627 GC heap after
{Heap after GC invocations=46 (full 0):
 garbage-first heap   total 260096K, used 167957K [0x0000000080000000, 0x0000000100000000)
  region size 1024K, 7 young (7168K), 7 survivors (7168K)
 Metaspace       used 114052K, capacity 117042K, committed 117376K, reserved 1150976K
  class space    used 14082K, capacity 15130K, committed 15232K, reserved 1048576K
}
Event: 23.771 GC heap before
{Heap before GC invocations=46 (full 0):
 garbage-first heap   total 260096K, used 216084K [0x0000000080000000, 0x0000000100000000)
  region size 1024K, 55 young (56320K), 7 survivors (7168K)
 Metaspace       used 114985K, capacity 118042K, committed 118272K, reserved 1153024K
  class space    used 14212K, capacity 15248K, committed 15360K, reserved 1048576K
}
Event: 23.776 GC heap after
{Heap after GC invocations=47 (full 0):
 garbage-first heap   total 260096K, used 173097K [0x0000000080000000, 0x0000000100000000)
  region size 1024K, 7 young (7168K), 7 survivors (7168K)
 Metaspace       used 114985K, capacity 118042K, committed 118272K, reserved 1153024K
  class space    used 14212K, capacity 15248K, committed 15360K, reserved 1048576K
}
Event: 23.945 GC heap before
{Heap before GC invocations=47 (full 0):
 garbage-first heap   total 260096K, used 219177K [0x0000000080000000, 0x0000000100000000)
  region size 1024K, 51 young (52224K), 7 survivors (7168K)
 Metaspace       used 116762K, capacity 119943K, committed 120064K, reserved 1153024K
  class space    used 14471K, capacity 15559K, committed 15616K, reserved 1048576K
}
Event: 23.949 GC heap after
{Heap after GC invocations=48 (full 0):
 garbage-first heap   total 260096K, used 180596K [0x0000000080000000, 0x0000000100000000)
  region size 1024K, 7 young (7168K), 7 survivors (7168K)
 Metaspace       used 116762K, capacity 119943K, committed 120064K, reserved 1153024K
  class space    used 14471K, capacity 15559K, committed 15616K, reserved 1048576K
}
Event: 24.256 GC heap before
{Heap before GC invocations=48 (full 0):
 garbage-first heap   total 260096K, used 217460K [0x0000000080000000, 0x0000000100000000)
  region size 1024K, 43 young (44032K), 7 survivors (7168K)
 Metaspace       used 119018K, capacity 122281K, committed 122496K, reserved 1155072K
  class space    used 14789K, capacity 15921K, committed 16000K, reserved 1048576K
}
Event: 24.265 GC heap after
{Heap after GC invocations=49 (full 0):
 garbage-first heap   total 260096K, used 183683K [0x0000000080000000, 0x0000000100000000)
  region size 1024K, 6 young (6144K), 6 survivors (6144K)
 Metaspace       used 119018K, capacity 122281K, committed 122496K, reserved 1155072K
  class space    used 14789K, capacity 15921K, committed 16000K, reserved 1048576K
}
Event: 24.461 GC heap before
{Heap before GC invocations=49 (full 0):
 garbage-first heap   total 260096K, used 217475K [0x0000000080000000, 0x0000000100000000)
  region size 1024K, 40 young (40960K), 6 survivors (6144K)
 Metaspace       used 119620K, capacity 122920K, committed 123136K, reserved 1157120K
  class space    used 14870K, capacity 16026K, committed 16128K, reserved 1048576K
}
Event: 24.473 GC heap after
{Heap after GC invocations=50 (full 0):
 garbage-first heap   total 312320K, used 191207K [0x0000000080000000, 0x0000000100000000)
  region size 1024K, 5 young (5120K), 5 survivors (5120K)
 Metaspace       used 119620K, capacity 122920K, committed 123136K, reserved 1157120K
  class space    used 14870K, capacity 16026K, committed 16128K, reserved 1048576K
}
Event: 24.697 GC heap before
{Heap before GC invocations=50 (full 0):
 garbage-first heap   total 312320K, used 244455K [0x0000000080000000, 0x0000000100000000)
  region size 1024K, 57 young (58368K), 5 survivors (5120K)
 Metaspace       used 120327K, capacity 123576K, committed 123648K, reserved 1157120K
  class space    used 14940K, capacity 16090K, committed 16128K, reserved 1048576K
}
Event: 24.709 GC heap after
{Heap after GC invocations=51 (full 0):
 garbage-first heap   total 312320K, used 201051K [0x0000000080000000, 0x0000000100000000)
  region size 1024K, 8 young (8192K), 8 survivors (8192K)
 Metaspace       used 120327K, capacity 123576K, committed 123648K, reserved 1157120K
  class space    used 14940K, capacity 16090K, committed 16128K, reserved 1048576K
}

