# JRE version: OpenJDK Runtime Environment (11.0.13) (build 11.0.13+0-b1751.21-8125866)
# Java VM: OpenJDK 64-Bit Server VM (11.0.13+0-b1751.21-8125866, mixed mode, tiered, compressed oops, g1 gc, windows-amd64)
Heap:
 garbage-first heap   total 260096K, used 54302K [0x0000000080000000, 0x0000000100000000)
  region size 1024K, 22 young (22528K), 3 survivors (3072K)
 Metaspace       used 27139K, capacity 27844K, committed 27904K, reserved 1073152K
  class space    used 3547K, capacity 3810K, committed 3840K, reserved 1048576K
GC Heap History (6 events):
Event: 0.445 GC heap before
{Heap before GC invocations=0 (full 0):
 garbage-first heap   total 260096K, used 29696K [0x0000000080000000, 0x0000000100000000)
  region size 1024K, 24 young (24576K), 0 survivors (0K)
 Metaspace       used 9748K, capacity 9956K, committed 10112K, reserved 1058816K
  class space    used 999K, capacity 1069K, committed 1152K, reserved 1048576K
}
Event: 0.449 GC heap after
{Heap after GC invocations=1 (full 0):
 garbage-first heap   total 260096K, used 8946K [0x0000000080000000, 0x0000000100000000)
  region size 1024K, 3 young (3072K), 3 survivors (3072K)
 Metaspace       used 9748K, capacity 9956K, committed 10112K, reserved 1058816K
  class space    used 999K, capacity 1069K, committed 1152K, reserved 1048576K
}
Event: 1.781 GC heap before
{Heap before GC invocations=1 (full 0):
 garbage-first heap   total 260096K, used 111346K [0x0000000080000000, 0x0000000100000000)
  region size 1024K, 104 young (106496K), 3 survivors (3072K)
 Metaspace       used 20715K, capacity 21120K, committed 21248K, reserved 1067008K
  class space    used 2513K, capacity 2695K, committed 2816K, reserved 1048576K
}
Event: 1.788 GC heap after
{Heap after GC invocations=2 (full 0):
 garbage-first heap   total 260096K, used 17169K [0x0000000080000000, 0x0000000100000000)
  region size 1024K, 12 young (12288K), 12 survivors (12288K)
 Metaspace       used 20715K, capacity 21120K, committed 21248K, reserved 1067008K
  class space    used 2513K, capacity 2695K, committed 2816K, reserved 1048576K
}
Event: 2.111 GC heap before
{Heap before GC invocations=3 (full 0):
 garbage-first heap   total 260096K, used 63249K [0x0000000080000000, 0x0000000100000000)
  region size 1024K, 58 young (59392K), 12 survivors (12288K)
 Metaspace       used 25423K, capacity 26069K, committed 26368K, reserved 1073152K
  class space    used 3262K, capacity 3499K, committed 3584K, reserved 1048576K
}
Event: 2.116 GC heap after
{Heap after GC invocations=4 (full 0):
 garbage-first heap   total 260096K, used 19486K [0x0000000080000000, 0x0000000100000000)
  region size 1024K, 3 young (3072K), 3 survivors (3072K)
 Metaspace       used 25423K, capacity 26069K, committed 26368K, reserved 1073152K
  class space    used 3262K, capacity 3499K, committed 3584K, reserved 1048576K
}

