# JRE version: OpenJDK Runtime Environment (11.0.13) (build 11.0.13+0-b1751.21-8125866)
# Java VM: OpenJDK 64-Bit Server VM (11.0.13+0-b1751.21-8125866, mixed mode, tiered, compressed oops, g1 gc, windows-amd64)
Heap:
 garbage-first heap   total 318464K, used 183300K [0x0000000080000000, 0x0000000100000000)
  region size 1024K, 2 young (2048K), 2 survivors (2048K)
 Metaspace       used 167560K, capacity 173009K, committed 173080K, reserved 1200128K
  class space    used 20965K, capacity 22922K, committed 22988K, reserved 1048576K
GC Heap History (20 events):
Event: 7215.795 GC heap after
{Heap after GC invocations=163 (full 0):
 garbage-first heap   total 265216K, used 179769K [0x0000000080000000, 0x0000000100000000)
  region size 1024K, 1 young (1024K), 1 survivors (1024K)
 Metaspace       used 159134K, capacity 164373K, committed 164504K, reserved 1191936K
  class space    used 19871K, capacity 21724K, committed 21836K, reserved 1048576K
}
Event: 7215.896 GC heap before
{Heap before GC invocations=164 (full 0):
 garbage-first heap   total 265216K, used 217657K [0x0000000080000000, 0x0000000100000000)
  region size 1024K, 38 young (38912K), 1 survivors (1024K)
 Metaspace       used 159135K, capacity 164373K, committed 164504K, reserved 1191936K
  class space    used 19871K, capacity 21724K, committed 21836K, reserved 1048576K
}
Event: 7215.897 GC heap after
{Heap after GC invocations=165 (full 0):
 garbage-first heap   total 265216K, used 179831K [0x0000000080000000, 0x0000000100000000)
  region size 1024K, 1 young (1024K), 1 survivors (1024K)
 Metaspace       used 159135K, capacity 164373K, committed 164504K, reserved 1191936K
  class space    used 19871K, capacity 21724K, committed 21836K, reserved 1048576K
}
Event: 7215.994 GC heap before
{Heap before GC invocations=165 (full 0):
 garbage-first heap   total 265216K, used 219767K [0x0000000080000000, 0x0000000100000000)
  region size 1024K, 40 young (40960K), 1 survivors (1024K)
 Metaspace       used 159137K, capacity 164373K, committed 164504K, reserved 1191936K
  class space    used 19871K, capacity 21724K, committed 21836K, reserved 1048576K
}
Event: 7215.995 GC heap after
{Heap after GC invocations=166 (full 0):
 garbage-first heap   total 265216K, used 179939K [0x0000000080000000, 0x0000000100000000)
  region size 1024K, 1 young (1024K), 1 survivors (1024K)
 Metaspace       used 159137K, capacity 164373K, committed 164504K, reserved 1191936K
  class space    used 19871K, capacity 21724K, committed 21836K, reserved 1048576K
}
Event: 7216.172 GC heap before
{Heap before GC invocations=166 (full 0):
 garbage-first heap   total 265216K, used 221923K [0x0000000080000000, 0x0000000100000000)
  region size 1024K, 42 young (43008K), 1 survivors (1024K)
 Metaspace       used 159153K, capacity 164373K, committed 164504K, reserved 1191936K
  class space    used 19872K, capacity 21724K, committed 21836K, reserved 1048576K
}
Event: 7216.174 GC heap after
{Heap after GC invocations=167 (full 0):
 garbage-first heap   total 265216K, used 180104K [0x0000000080000000, 0x0000000100000000)
  region size 1024K, 1 young (1024K), 1 survivors (1024K)
 Metaspace       used 159153K, capacity 164373K, committed 164504K, reserved 1191936K
  class space    used 19872K, capacity 21724K, committed 21836K, reserved 1048576K
}
Event: 7216.477 GC heap before
{Heap before GC invocations=168 (full 0):
 garbage-first heap   total 265216K, used 214920K [0x0000000080000000, 0x0000000100000000)
  region size 1024K, 36 young (36864K), 1 survivors (1024K)
 Metaspace       used 162323K, capacity 167540K, committed 167704K, reserved 1196032K
  class space    used 20320K, capacity 22189K, committed 22220K, reserved 1048576K
}
Event: 7216.480 GC heap after
{Heap after GC invocations=169 (full 0):
 garbage-first heap   total 265216K, used 178529K [0x0000000080000000, 0x0000000100000000)
  region size 1024K, 2 young (2048K), 2 survivors (2048K)
 Metaspace       used 162323K, capacity 167540K, committed 167704K, reserved 1196032K
  class space    used 20320K, capacity 22189K, committed 22220K, reserved 1048576K
}
Event: 7216.988 GC heap before
{Heap before GC invocations=170 (full 0):
 garbage-first heap   total 265216K, used 233494K [0x0000000080000000, 0x0000000100000000)
  region size 1024K, 45 young (46080K), 2 survivors (2048K)
 Metaspace       used 164937K, capacity 170403K, committed 170520K, reserved 1198080K
  class space    used 20642K, capacity 22639K, committed 22732K, reserved 1048576K
}
Event: 7216.995 GC heap after
{Heap after GC invocations=171 (full 0):
 garbage-first heap   total 265216K, used 185480K [0x0000000080000000, 0x0000000100000000)
  region size 1024K, 4 young (4096K), 4 survivors (4096K)
 Metaspace       used 164937K, capacity 170403K, committed 170520K, reserved 1198080K
  class space    used 20642K, capacity 22639K, committed 22732K, reserved 1048576K
}
Event: 7217.152 GC heap before
{Heap before GC invocations=171 (full 0):
 garbage-first heap   total 265216K, used 192648K [0x0000000080000000, 0x0000000100000000)
  region size 1024K, 12 young (12288K), 4 survivors (4096K)
 Metaspace       used 164955K, capacity 170415K, committed 170520K, reserved 1198080K
  class space    used 20643K, capacity 22641K, committed 22732K, reserved 1048576K
}
Event: 7217.159 GC heap after
{Heap after GC invocations=172 (full 0):
 garbage-first heap   total 265216K, used 184645K [0x0000000080000000, 0x0000000100000000)
  region size 1024K, 1 young (1024K), 1 survivors (1024K)
 Metaspace       used 164955K, capacity 170415K, committed 170520K, reserved 1198080K
  class space    used 20643K, capacity 22641K, committed 22732K, reserved 1048576K
}
Event: 7217.916 GC heap before
{Heap before GC invocations=172 (full 0):
 garbage-first heap   total 265216K, used 225605K [0x0000000080000000, 0x0000000100000000)
  region size 1024K, 42 young (43008K), 1 survivors (1024K)
 Metaspace       used 165234K, capacity 170703K, committed 170776K, reserved 1198080K
  class space    used 20678K, capacity 22673K, committed 22732K, reserved 1048576K
}
Event: 7217.920 GC heap after
{Heap after GC invocations=173 (full 0):
 garbage-first heap   total 265216K, used 185795K [0x0000000080000000, 0x0000000100000000)
  region size 1024K, 2 young (2048K), 2 survivors (2048K)
 Metaspace       used 165234K, capacity 170703K, committed 170776K, reserved 1198080K
  class space    used 20678K, capacity 22673K, committed 22732K, reserved 1048576K
}
Event: 7218.440 GC heap before
{Heap before GC invocations=174 (full 0):
 garbage-first heap   total 265216K, used 220611K [0x0000000080000000, 0x0000000100000000)
  region size 1024K, 43 young (44032K), 2 survivors (2048K)
 Metaspace       used 165829K, capacity 171288K, committed 171288K, reserved 1198080K
  class space    used 20738K, capacity 22732K, committed 22732K, reserved 1048576K
}
Event: 7218.445 GC heap after
{Heap after GC invocations=175 (full 0):
 garbage-first heap   total 265216K, used 181879K [0x0000000080000000, 0x0000000100000000)
  region size 1024K, 4 young (4096K), 4 survivors (4096K)
 Metaspace       used 165829K, capacity 171288K, committed 171288K, reserved 1198080K
  class space    used 20738K, capacity 22732K, committed 22732K, reserved 1048576K
}
Event: 7218.503 GC heap before
{Heap before GC invocations=175 (full 0):
 garbage-first heap   total 265216K, used 190071K [0x0000000080000000, 0x0000000100000000)
  region size 1024K, 12 young (12288K), 4 survivors (4096K)
 Metaspace       used 166136K, capacity 171600K, committed 171928K, reserved 1198080K
  class space    used 20783K, capacity 22771K, committed 22860K, reserved 1048576K
}
Event: 7218.510 GC heap after
{Heap after GC invocations=176 (full 0):
 garbage-first heap   total 265216K, used 182439K [0x0000000080000000, 0x0000000100000000)
  region size 1024K, 2 young (2048K), 2 survivors (2048K)
 Metaspace       used 166136K, capacity 171600K, committed 171928K, reserved 1198080K
  class space    used 20783K, capacity 22771K, committed 22860K, reserved 1048576K
}
Event: 7218.757 GC heap before
{Heap before GC invocations=176 (full 0):
 garbage-first heap   total 265216K, used 224423K [0x0000000080000000, 0x0000000100000000)
  region size 1024K, 43 young (44032K), 2 survivors (2048K)
 Metaspace       used 167560K, capacity 173009K, committed 173080K, reserved 1200128K
  class space    used 20965K, capacity 22922K, committed 22988K, reserved 1048576K
}

